
> vuetify-project@0.0.0 build-storybook
> storybook build --output-dir C:\Users\caij1\AppData\Local\Temp\chromatic--11324-Anwqj3cFw8n1

storybook v8.2.6

info => Cleaning outputDir: ..\..\..\AppData\Local\Temp\chromatic--11324-Anwqj3cFw8n1
info => Loading presets
WARN The "@storybook/addon-mdx-gfm" addon is meant as a migration assistant for Storybook 8.0; and will likely be removed in a future version.
WARN It's recommended you read this document:
WARN https://storybook.js.org/docs/writing-docs/mdx#markdown-tables-arent-rendering-correctly
WARN 
WARN Once you've made the necessary changes, you can remove the addon from your package.json and storybook config.
info => Building manager..
info => Manager built (851 ms)
info => Building preview..
[36mvite v5.3.3 [32mbuilding for production...[36m[39m
transforming...
[32m✓[39m 754 modules transformed.
rendering chunks...
computing gzip size...
[2m../../../AppData/Local/Temp/chromatic--11324-Anwqj3cFw8n1/[22m[32massets/context-C0qIqeS4.png                        [39m[1m[2m    6.12 kB[22m[1m[22m
[2m../../../AppData/Local/Temp/chromatic--11324-Anwqj3cFw8n1/[22m[32massets/styling-Bk6zjRzU.png                        [39m[1m[2m    7.24 kB[22m[1m[22m
[2m../../../AppData/Local/Temp/chromatic--11324-Anwqj3cFw8n1/[22m[32massets/logo-DtuIbWiQ.png                           [39m[1m[2m   11.96 kB[22m[1m[22m
[2m../../../AppData/Local/Temp/chromatic--11324-Anwqj3cFw8n1/[22m[32miframe.html                                        [39m[1m[2m   17.14 kB[22m[1m[22m[2m │ gzip:   4.67 kB[22m
[2m../../../AppData/Local/Temp/chromatic--11324-Anwqj3cFw8n1/[22m[32massets/docs---vsFbMi.png                           [39m[1m[2m   27.88 kB[22m[1m[22m
[2m../../../AppData/Local/Temp/chromatic--11324-Anwqj3cFw8n1/[22m[32massets/share-DGA-UcQf.png                          [39m[1m[2m   40.77 kB[22m[1m[22m
[2m../../../AppData/Local/Temp/chromatic--11324-Anwqj3cFw8n1/[22m[32massets/accessibility-W_h2acOZ.png                  [39m[1m[2m   42.34 kB[22m[1m[22m
[2m../../../AppData/Local/Temp/chromatic--11324-Anwqj3cFw8n1/[22m[32massets/figma-plugin-CH2hELiO.png                   [39m[1m[2m   44.25 kB[22m[1m[22m
[2m../../../AppData/Local/Temp/chromatic--11324-Anwqj3cFw8n1/[22m[32massets/theming-D6WJLNoW.png                        [39m[1m[2m   44.37 kB[22m[1m[22m
[2m../../../AppData/Local/Temp/chromatic--11324-Anwqj3cFw8n1/[22m[32massets/testing-cbzR9l9r.png                        [39m[1m[2m   49.31 kB[22m[1m[22m
[2m../../../AppData/Local/Temp/chromatic--11324-Anwqj3cFw8n1/[22m[32massets/materialdesignicons-webfont-Dp5v-WZN.woff2  [39m[1m[2m  403.22 kB[22m[1m[22m
[2m../../../AppData/Local/Temp/chromatic--11324-Anwqj3cFw8n1/[22m[32massets/addon-library-BWUCAmyN.png                  [39m[1m[2m  467.37 kB[22m[1m[22m
[2m../../../AppData/Local/Temp/chromatic--11324-Anwqj3cFw8n1/[22m[32massets/materialdesignicons-webfont-PXm3-2wK.woff   [39m[1m[2m  587.98 kB[22m[1m[22m
[2m../../../AppData/Local/Temp/chromatic--11324-Anwqj3cFw8n1/[22m[32massets/materialdesignicons-webfont-B7mPwVP_.ttf    [39m[1m[2m1,307.66 kB[22m[1m[22m
[2m../../../AppData/Local/Temp/chromatic--11324-Anwqj3cFw8n1/[22m[32massets/materialdesignicons-webfont-CSr8KVlo.eot    [39m[1m[2m1,307.88 kB[22m[1m[22m
[2m../../../AppData/Local/Temp/chromatic--11324-Anwqj3cFw8n1/[22m[35massets/Header-BjLH3naM.css                         [39m[1m[2m    0.51 kB[22m[1m[22m[2m │ gzip:   0.30 kB[22m
[2m../../../AppData/Local/Temp/chromatic--11324-Anwqj3cFw8n1/[22m[35massets/Button-BfyGbg8N.css                         [39m[1m[2m    0.52 kB[22m[1m[22m[2m │ gzip:   0.29 kB[22m
[2m../../../AppData/Local/Temp/chromatic--11324-Anwqj3cFw8n1/[22m[35massets/index-DKXLlId0.css                          [39m[1m[2m    0.66 kB[22m[1m[22m[2m │ gzip:   0.31 kB[22m
[2m../../../AppData/Local/Temp/chromatic--11324-Anwqj3cFw8n1/[22m[35massets/VOverlay-DzLVmH92.css                       [39m[1m[2m    0.90 kB[22m[1m[22m[2m │ gzip:   0.36 kB[22m
[2m../../../AppData/Local/Temp/chromatic--11324-Anwqj3cFw8n1/[22m[35massets/VIcon-Bm2X9AvQ.css                          [39m[1m[2m    0.90 kB[22m[1m[22m[2m │ gzip:   0.38 kB[22m
[2m../../../AppData/Local/Temp/chromatic--11324-Anwqj3cFw8n1/[22m[35massets/Page-B9ntr4df.css                           [39m[1m[2m    0.93 kB[22m[1m[22m[2m │ gzip:   0.40 kB[22m
[2m../../../AppData/Local/Temp/chromatic--11324-Anwqj3cFw8n1/[22m[35massets/default-C54GNjzi.css                        [39m[1m[2m    1.00 kB[22m[1m[22m[2m │ gzip:   0.46 kB[22m
[2m../../../AppData/Local/Temp/chromatic--11324-Anwqj3cFw8n1/[22m[35massets/VAvatar-4_xHniLf.css                        [39m[1m[2m    3.18 kB[22m[1m[22m[2m │ gzip:   0.96 kB[22m
[2m../../../AppData/Local/Temp/chromatic--11324-Anwqj3cFw8n1/[22m[35massets/loader-CHMEvzOu.css                         [39m[1m[2m    4.18 kB[22m[1m[22m[2m │ gzip:   0.94 kB[22m
[2m../../../AppData/Local/Temp/chromatic--11324-Anwqj3cFw8n1/[22m[35massets/VAlert-CboFb8ND.css                         [39m[1m[2m    4.28 kB[22m[1m[22m[2m │ gzip:   1.12 kB[22m
[2m../../../AppData/Local/Temp/chromatic--11324-Anwqj3cFw8n1/[22m[35massets/VChip-V7GkIB9h.css                          [39m[1m[2m   11.10 kB[22m[1m[22m[2m │ gzip:   1.95 kB[22m
[2m../../../AppData/Local/Temp/chromatic--11324-Anwqj3cFw8n1/[22m[35massets/VBtn-KVgznf5S.css                           [39m[1m[2m   13.25 kB[22m[1m[22m[2m │ gzip:   2.58 kB[22m
[2m../../../AppData/Local/Temp/chromatic--11324-Anwqj3cFw8n1/[22m[35massets/index-dY4DpRZ-.css                          [39m[1m[2m   16.53 kB[22m[1m[22m[2m │ gzip:   2.82 kB[22m
[2m../../../AppData/Local/Temp/chromatic--11324-Anwqj3cFw8n1/[22m[35massets/VSelect-DEz-VAfx.css                        [39m[1m[2m   18.69 kB[22m[1m[22m[2m │ gzip:   3.26 kB[22m
[2m../../../AppData/Local/Temp/chromatic--11324-Anwqj3cFw8n1/[22m[35massets/VTextField-AXFBTeXa.css                     [39m[1m[2m   22.60 kB[22m[1m[22m[2m │ gzip:   3.62 kB[22m
[2m../../../AppData/Local/Temp/chromatic--11324-Anwqj3cFw8n1/[22m[35massets/preview-B7cTJEue.css                        [39m[1m[2m  555.48 kB[22m[1m[22m[2m │ gzip:  81.03 kB[22m
[2m../../../AppData/Local/Temp/chromatic--11324-Anwqj3cFw8n1/[22m[36massets/preview-BnWGZYux.js                         [39m[1m[2m    0.07 kB[22m[1m[22m[2m │ gzip:   0.08 kB[22m
[2m../../../AppData/Local/Temp/chromatic--11324-Anwqj3cFw8n1/[22m[36massets/_plugin-vue_export-helper-DlAUqK2U.js       [39m[1m[2m    0.09 kB[22m[1m[22m[2m │ gzip:   0.10 kB[22m
[2m../../../AppData/Local/Temp/chromatic--11324-Anwqj3cFw8n1/[22m[36massets/preview-DE7p7AzZ.js                         [39m[1m[2m    0.16 kB[22m[1m[22m[2m │ gzip:   0.16 kB[22m
[2m../../../AppData/Local/Temp/chromatic--11324-Anwqj3cFw8n1/[22m[36massets/_commonjsHelpers-Cpj98o6Y.js                [39m[1m[2m    0.24 kB[22m[1m[22m[2m │ gzip:   0.18 kB[22m
[2m../../../AppData/Local/Temp/chromatic--11324-Anwqj3cFw8n1/[22m[36massets/ssrBoot-CB0TCE7w.js                         [39m[1m[2m    0.26 kB[22m[1m[22m[2m │ gzip:   0.21 kB[22m
[2m../../../AppData/Local/Temp/chromatic--11324-Anwqj3cFw8n1/[22m[36massets/index-D4CNx3PA.js                           [39m[1m[2m    0.31 kB[22m[1m[22m[2m │ gzip:   0.20 kB[22m
[2m../../../AppData/Local/Temp/chromatic--11324-Anwqj3cFw8n1/[22m[36massets/index-tyXlZD59.js                           [39m[1m[2m    0.39 kB[22m[1m[22m[2m │ gzip:   0.26 kB[22m
[2m../../../AppData/Local/Temp/chromatic--11324-Anwqj3cFw8n1/[22m[36massets/position-Bvu6ptsa.js                        [39m[1m[2m    0.40 kB[22m[1m[22m[2m │ gzip:   0.29 kB[22m
[2m../../../AppData/Local/Temp/chromatic--11324-Anwqj3cFw8n1/[22m[36massets/createSimpleFunctional-DapDLLg3.js          [39m[1m[2m    0.47 kB[22m[1m[22m[2m │ gzip:   0.33 kB[22m
[2m../../../AppData/Local/Temp/chromatic--11324-Anwqj3cFw8n1/[22m[36massets/resizeObserver-DJ2HMqi8.js                  [39m[1m[2m    0.54 kB[22m[1m[22m[2m │ gzip:   0.36 kB[22m
[2m../../../AppData/Local/Temp/chromatic--11324-Anwqj3cFw8n1/[22m[36massets/preview-BJPLiuSt.js                         [39m[1m[2m    0.64 kB[22m[1m[22m[2m │ gzip:   0.45 kB[22m
[2m../../../AppData/Local/Temp/chromatic--11324-Anwqj3cFw8n1/[22m[36massets/preview-BpcF_O6y.js                         [39m[1m[2m    0.71 kB[22m[1m[22m[2m │ gzip:   0.50 kB[22m
[2m../../../AppData/Local/Temp/chromatic--11324-Anwqj3cFw8n1/[22m[36massets/elevation-6jwBlDaO.js                       [39m[1m[2m    0.73 kB[22m[1m[22m[2m │ gzip:   0.45 kB[22m
[2m../../../AppData/Local/Temp/chromatic--11324-Anwqj3cFw8n1/[22m[36massets/index-DrFu-skq.js                           [39m[1m[2m    0.77 kB[22m[1m[22m[2m │ gzip:   0.47 kB[22m
[2m../../../AppData/Local/Temp/chromatic--11324-Anwqj3cFw8n1/[22m[36massets/VDefaultsProvider-DMMH3hW4.js               [39m[1m[2m    0.78 kB[22m[1m[22m[2m │ gzip:   0.47 kB[22m
[2m../../../AppData/Local/Temp/chromatic--11324-Anwqj3cFw8n1/[22m[36massets/preview-DTsAYnnL.js                         [39m[1m[2m    0.81 kB[22m[1m[22m[2m │ gzip:   0.53 kB[22m
[2m../../../AppData/Local/Temp/chromatic--11324-Anwqj3cFw8n1/[22m[36massets/preview-X-SN3vRK.js                         [39m[1m[2m    1.01 kB[22m[1m[22m[2m │ gzip:   0.68 kB[22m
[2m../../../AppData/Local/Temp/chromatic--11324-Anwqj3cFw8n1/[22m[36massets/Header.stories-Cy1McRs8.js                  [39m[1m[2m    1.09 kB[22m[1m[22m[2m │ gzip:   0.55 kB[22m
[2m../../../AppData/Local/Temp/chromatic--11324-Anwqj3cFw8n1/[22m[36massets/index-CdHqIFJw.js                           [39m[1m[2m    1.30 kB[22m[1m[22m[2m │ gzip:   0.68 kB[22m
[2m../../../AppData/Local/Temp/chromatic--11324-Anwqj3cFw8n1/[22m[36massets/Button-Dk0jbNeu.js                          [39m[1m[2m    1.36 kB[22m[1m[22m[2m │ gzip:   0.72 kB[22m
[2m../../../AppData/Local/Temp/chromatic--11324-Anwqj3cFw8n1/[22m[36massets/VTextField.stories-Cv_E2l0w.js              [39m[1m[2m    1.37 kB[22m[1m[22m[2m │ gzip:   0.76 kB[22m
[2m../../../AppData/Local/Temp/chromatic--11324-Anwqj3cFw8n1/[22m[36massets/easing-CI_TJWM8.js                          [39m[1m[2m    1.43 kB[22m[1m[22m[2m │ gzip:   0.70 kB[22m
[2m../../../AppData/Local/Temp/chromatic--11324-Anwqj3cFw8n1/[22m[36massets/Button.stories-BqCwTJCy.js                  [39m[1m[2m    1.60 kB[22m[1m[22m[2m │ gzip:   0.62 kB[22m
[2m../../../AppData/Local/Temp/chromatic--11324-Anwqj3cFw8n1/[22m[36massets/index-dU5jw5MS.js                           [39m[1m[2m    1.70 kB[22m[1m[22m[2m │ gzip:   0.87 kB[22m
[2m../../../AppData/Local/Temp/chromatic--11324-Anwqj3cFw8n1/[22m[36massets/Header-DJCn7yJZ.js                          [39m[1m[2m    1.74 kB[22m[1m[22m[2m │ gzip:   0.98 kB[22m
[2m../../../AppData/Local/Temp/chromatic--11324-Anwqj3cFw8n1/[22m[36massets/DocsRenderer-PKQXORMH--6IcOomJ.js           [39m[1m[2m    1.86 kB[22m[1m[22m[2m │ gzip:   0.91 kB[22m
[2m../../../AppData/Local/Temp/chromatic--11324-Anwqj3cFw8n1/[22m[36massets/entry-preview-D4EYyJuA.js                   [39m[1m[2m    2.56 kB[22m[1m[22m[2m │ gzip:   1.33 kB[22m
[2m../../../AppData/Local/Temp/chromatic--11324-Anwqj3cFw8n1/[22m[36massets/index-D-8MO0q_.js                           [39m[1m[2m    2.58 kB[22m[1m[22m[2m │ gzip:   1.26 kB[22m
[2m../../../AppData/Local/Temp/chromatic--11324-Anwqj3cFw8n1/[22m[36massets/VIcon-D4EiAeMM.js                           [39m[1m[2m    2.81 kB[22m[1m[22m[2m │ gzip:   1.26 kB[22m
[2m../../../AppData/Local/Temp/chromatic--11324-Anwqj3cFw8n1/[22m[36massets/index-BG9KHAo4.js                           [39m[1m[2m    3.10 kB[22m[1m[22m[2m │ gzip:   1.13 kB[22m
[2m../../../AppData/Local/Temp/chromatic--11324-Anwqj3cFw8n1/[22m[36massets/preview-9hFJSo5S.js                         [39m[1m[2m    3.20 kB[22m[1m[22m[2m │ gzip:   1.38 kB[22m
[2m../../../AppData/Local/Temp/chromatic--11324-Anwqj3cFw8n1/[22m[36massets/group-CC-IV9Vo.js                           [39m[1m[2m    3.20 kB[22m[1m[22m[2m │ gzip:   1.45 kB[22m
[2m../../../AppData/Local/Temp/chromatic--11324-Anwqj3cFw8n1/[22m[36massets/preview-Ct5NkTJf.js                         [39m[1m[2m    3.50 kB[22m[1m[22m[2m │ gzip:   1.69 kB[22m
[2m../../../AppData/Local/Temp/chromatic--11324-Anwqj3cFw8n1/[22m[36massets/Page.stories-B4gUf1QD.js                    [39m[1m[2m    3.95 kB[22m[1m[22m[2m │ gzip:   1.85 kB[22m
[2m../../../AppData/Local/Temp/chromatic--11324-Anwqj3cFw8n1/[22m[36massets/default-BtgRXMCv.js                         [39m[1m[2m    4.69 kB[22m[1m[22m[2m │ gzip:   2.27 kB[22m
[2m../../../AppData/Local/Temp/chromatic--11324-Anwqj3cFw8n1/[22m[36massets/goto-rWCG0CMY.js                            [39m[1m[2m    4.71 kB[22m[1m[22m[2m │ gzip:   2.22 kB[22m
[2m../../../AppData/Local/Temp/chromatic--11324-Anwqj3cFw8n1/[22m[36massets/loader-ChJ5RkNO.js                          [39m[1m[2m    5.89 kB[22m[1m[22m[2m │ gzip:   2.27 kB[22m
[2m../../../AppData/Local/Temp/chromatic--11324-Anwqj3cFw8n1/[22m[36massets/VAvatar-DEUCti8E.js                         [39m[1m[2m    6.23 kB[22m[1m[22m[2m │ gzip:   2.49 kB[22m
[2m../../../AppData/Local/Temp/chromatic--11324-Anwqj3cFw8n1/[22m[36massets/iframe-DD_DN4fk.js                          [39m[1m[2m    6.66 kB[22m[1m[22m[2m │ gzip:   2.57 kB[22m
[2m../../../AppData/Local/Temp/chromatic--11324-Anwqj3cFw8n1/[22m[36massets/VBtn-ENV7XfyQ.js                            [39m[1m[2m    7.35 kB[22m[1m[22m[2m │ gzip:   2.83 kB[22m
[2m../../../AppData/Local/Temp/chromatic--11324-Anwqj3cFw8n1/[22m[36massets/index-D-RruBn4.js                           [39m[1m[2m    7.37 kB[22m[1m[22m[2m │ gzip:   2.65 kB[22m
[2m../../../AppData/Local/Temp/chromatic--11324-Anwqj3cFw8n1/[22m[36massets/preview-DB9FwMii.js                         [39m[1m[2m    7.62 kB[22m[1m[22m[2m │ gzip:   1.56 kB[22m
[2m../../../AppData/Local/Temp/chromatic--11324-Anwqj3cFw8n1/[22m[36massets/preview-Cdum89jS.js                         [39m[1m[2m    8.12 kB[22m[1m[22m[2m │ gzip:   3.10 kB[22m
[2m../../../AppData/Local/Temp/chromatic--11324-Anwqj3cFw8n1/[22m[36massets/VButton.stories-mOAcF6U9.js                 [39m[1m[2m   10.53 kB[22m[1m[22m[2m │ gzip:   2.51 kB[22m
[2m../../../AppData/Local/Temp/chromatic--11324-Anwqj3cFw8n1/[22m[36massets/VChip-6AIZoe3e.js                           [39m[1m[2m   10.69 kB[22m[1m[22m[2m │ gzip:   3.93 kB[22m
[2m../../../AppData/Local/Temp/chromatic--11324-Anwqj3cFw8n1/[22m[36massets/VAlert.stories-Bqwv12cT.js                  [39m[1m[2m   11.03 kB[22m[1m[22m[2m │ gzip:   3.27 kB[22m
[2m../../../AppData/Local/Temp/chromatic--11324-Anwqj3cFw8n1/[22m[36massets/VChip.stories-Cyt1QSVM.js                   [39m[1m[2m   11.93 kB[22m[1m[22m[2m │ gzip:   2.57 kB[22m
[2m../../../AppData/Local/Temp/chromatic--11324-Anwqj3cFw8n1/[22m[36massets/index-KYh8Xunk.js                           [39m[1m[2m   12.14 kB[22m[1m[22m[2m │ gzip:   3.92 kB[22m
[2m../../../AppData/Local/Temp/chromatic--11324-Anwqj3cFw8n1/[22m[36massets/entry-preview-docs-Dz7j9t7E.js              [39m[1m[2m   14.93 kB[22m[1m[22m[2m │ gzip:   5.84 kB[22m
[2m../../../AppData/Local/Temp/chromatic--11324-Anwqj3cFw8n1/[22m[36massets/VTextField-CHbLXd51.js                      [39m[1m[2m   17.93 kB[22m[1m[22m[2m │ gzip:   6.39 kB[22m
[2m../../../AppData/Local/Temp/chromatic--11324-Anwqj3cFw8n1/[22m[36massets/VOverlay-BO-uQeK7.js                        [39m[1m[2m   20.83 kB[22m[1m[22m[2m │ gzip:   7.51 kB[22m
[2m../../../AppData/Local/Temp/chromatic--11324-Anwqj3cFw8n1/[22m[36massets/Configure-CMb5j7bV.js                       [39m[1m[2m   26.60 kB[22m[1m[22m[2m │ gzip:  11.53 kB[22m
[2m../../../AppData/Local/Temp/chromatic--11324-Anwqj3cFw8n1/[22m[36massets/locale--DdFvMNT.js                          [39m[1m[2m   29.23 kB[22m[1m[22m[2m │ gzip:  11.71 kB[22m
[2m../../../AppData/Local/Temp/chromatic--11324-Anwqj3cFw8n1/[22m[36massets/Color-KGDBMAHA-DdTpKVHu.js                  [39m[1m[2m   30.84 kB[22m[1m[22m[2m │ gzip:  11.73 kB[22m
[2m../../../AppData/Local/Temp/chromatic--11324-Anwqj3cFw8n1/[22m[36massets/preview-BluyBNDb.js                         [39m[1m[2m   43.81 kB[22m[1m[22m[2m │ gzip:  17.01 kB[22m
[2m../../../AppData/Local/Temp/chromatic--11324-Anwqj3cFw8n1/[22m[36massets/VSelect.stories-BYlh37BQ.js                 [39m[1m[2m   45.51 kB[22m[1m[22m[2m │ gzip:  14.82 kB[22m
[2m../../../AppData/Local/Temp/chromatic--11324-Anwqj3cFw8n1/[22m[36massets/index-DZLKizrv.js                           [39m[1m[2m   61.57 kB[22m[1m[22m[2m │ gzip:  21.47 kB[22m
[2m../../../AppData/Local/Temp/chromatic--11324-Anwqj3cFw8n1/[22m[36massets/index-DlJr0YTq.js                           [39m[1m[2m   80.41 kB[22m[1m[22m[2m │ gzip:  23.95 kB[22m
[2m../../../AppData/Local/Temp/chromatic--11324-Anwqj3cFw8n1/[22m[36massets/vue.esm-bundler-BvdO_UOn.js                 [39m[1m[2m  157.24 kB[22m[1m[22m[2m │ gzip:  58.98 kB[22m
[2m../../../AppData/Local/Temp/chromatic--11324-Anwqj3cFw8n1/[22m[36massets/axe-BmBZOpIU.js                             [39m[1m[33m  570.31 kB[39m[22m[2m │ gzip: 157.46 kB[22m
[2m../../../AppData/Local/Temp/chromatic--11324-Anwqj3cFw8n1/[22m[36massets/index-BPHu6psy.js                           [39m[1m[33m  641.49 kB[39m[22m[2m │ gzip: 147.93 kB[22m
[2m../../../AppData/Local/Temp/chromatic--11324-Anwqj3cFw8n1/[22m[36massets/index-DZqpWU80.js                           [39m[1m[33m1,023.16 kB[39m[22m[2m │ gzip: 325.84 kB[22m
[32m✓ built in 30.52s[39m
info => Preview built (34 s)
info => Output directory: C:\Users\caij1\AppData\Local\Temp\chromatic--11324-Anwqj3cFw8n1
